Rank 1 generating 7812 samples on host nid001480.
Rank 2 generating 7812 samples on host nid001480.
Rank 3 generating 7812 samples on host nid001480.
Rank 4 generating 7812 samples on host nid001480.
Rank 5 generating 7812 samples on host nid001480.
Rank 6 generating 7812 samples on host nid001480.
Rank 7 generating 7812 samples on host nid001480.
Rank 8 generating 7812 samples on host nid001480.
Rank 9 generating 7812 samples on host nid001480.
Rank 10 generating 7812 samples on host nid001480.
Rank 11 generating 7812 samples on host nid001480.
Rank 12 generating 7812 samples on host nid001480.
Rank 13 generating 7812 samples on host nid001480.
Rank 14 generating 7812 samples on host nid001480.
Rank 15 generating 7812 samples on host nid001480.
Rank 16 generating 7812 samples on host nid001480.
Rank 17 generating 7812 samples on host nid001480.
Rank 18 generating 7812 samples on host nid001480.
Rank 19 generating 7812 samples on host nid001480.
Rank 20 generating 7812 samples on host nid001480.
Rank 21 generating 7812 samples on host nid001480.
Rank 22 generating 7812 samples on host nid001480.
Rank 23 generating 7812 samples on host nid001480.
Rank 24 generating 7812 samples on host nid001480.
Rank 25 generating 7812 samples on host nid001480.
Rank 26 generating 7812 samples on host nid001480.
Rank 27 generating 7812 samples on host nid001480.
Rank 28 generating 7812 samples on host nid001480.
Rank 29 generating 7812 samples on host nid001480.
Rank 30 generating 7812 samples on host nid001480.
Rank 31 generating 7812 samples on host nid001480.
Rank 32 generating 7812 samples on host nid001480.
Rank 33 generating 7812 samples on host nid001480.
Rank 34 generating 7812 samples on host nid001480.
Rank 35 generating 7812 samples on host nid001480.
Rank 36 generating 7812 samples on host nid001480.
Rank 37 generating 7812 samples on host nid001480.
Rank 38 generating 7812 samples on host nid001480.
Rank 39 generating 7812 samples on host nid001480.
Rank 40 generating 7812 samples on host nid001480.
Rank 41 generating 7812 samples on host nid001480.
Rank 42 generating 7812 samples on host nid001480.
Rank 43 generating 7812 samples on host nid001480.
Rank 44 generating 7812 samples on host nid001480.
Rank 45 generating 7812 samples on host nid001480.
Rank 46 generating 7812 samples on host nid001480.
Rank 47 generating 7812 samples on host nid001480.
Rank 48 generating 7812 samples on host nid001480.
Rank 49 generating 7812 samples on host nid001480.
Rank 50 generating 7812 samples on host nid001480.
Rank 51 generating 7812 samples on host nid001480.
Rank 52 generating 7812 samples on host nid001480.
Rank 53 generating 7812 samples on host nid001480.
Rank 54 generating 7812 samples on host nid001480.
Rank 55 generating 7812 samples on host nid001480.
Rank 56 generating 7812 samples on host nid001480.
Rank 57 generating 7812 samples on host nid001480.
Rank 58 generating 7812 samples on host nid001480.
Rank 59 generating 7812 samples on host nid001480.
Rank 60 generating 7812 samples on host nid001480.
Rank 61 generating 7812 samples on host nid001480.
Rank 62 generating 7812 samples on host nid001480.
Rank 63 generating 7812 samples on host nid001480.
Rank 64 generating 7812 samples on host nid001480.
Rank 65 generating 7812 samples on host nid001480.
Rank 66 generating 7812 samples on host nid001480.
Rank 67 generating 7812 samples on host nid001480.
Rank 68 generating 7812 samples on host nid001480.
Rank 69 generating 7812 samples on host nid001480.
Rank 70 generating 7812 samples on host nid001480.
Rank 71 generating 7812 samples on host nid001480.
Rank 72 generating 7812 samples on host nid001480.
Rank 73 generating 7812 samples on host nid001480.
Rank 74 generating 7812 samples on host nid001480.
Rank 75 generating 7812 samples on host nid001480.
Rank 76 generating 7812 samples on host nid001480.
Rank 77 generating 7812 samples on host nid001480.
Rank 78 generating 7812 samples on host nid001480.
Rank 79 generating 7812 samples on host nid001480.
Rank 80 generating 7812 samples on host nid001480.
Rank 81 generating 7812 samples on host nid001480.
Rank 82 generating 7812 samples on host nid001480.
Rank 83 generating 7812 samples on host nid001480.
Rank 84 generating 7812 samples on host nid001480.
Rank 85 generating 7812 samples on host nid001480.
Rank 86 generating 7812 samples on host nid001480.
Rank 87 generating 7812 samples on host nid001480.
Rank 88 generating 7812 samples on host nid001480.
Rank 89 generating 7812 samples on host nid001480.
Rank 90 generating 7812 samples on host nid001480.
Rank 91 generating 7812 samples on host nid001480.
Rank 92 generating 7812 samples on host nid001480.
Rank 93 generating 7812 samples on host nid001480.
Rank 94 generating 7812 samples on host nid001480.
Rank 95 generating 7812 samples on host nid001480.
Rank 96 generating 7812 samples on host nid001480.
Rank 97 generating 7812 samples on host nid001480.
Rank 98 generating 7812 samples on host nid001480.
Rank 99 generating 7812 samples on host nid001480.
Rank 100 generating 7812 samples on host nid001480.
Rank 101 generating 7812 samples on host nid001480.
Rank 102 generating 7812 samples on host nid001480.
Rank 103 generating 7812 samples on host nid001480.
Rank 104 generating 7812 samples on host nid001480.
Rank 105 generating 7812 samples on host nid001480.
Rank 106 generating 7812 samples on host nid001480.
Rank 107 generating 7812 samples on host nid001480.
Rank 108 generating 7812 samples on host nid001480.
Rank 109 generating 7812 samples on host nid001480.
Rank 110 generating 7812 samples on host nid001480.
Rank 111 generating 7812 samples on host nid001480.
Rank 112 generating 7812 samples on host nid001480.
Rank 113 generating 7812 samples on host nid001480.
Rank 114 generating 7812 samples on host nid001480.
Rank 115 generating 7812 samples on host nid001480.
Rank 116 generating 7812 samples on host nid001480.
Rank 117 generating 7812 samples on host nid001480.
Rank 118 generating 7812 samples on host nid001480.
Rank 119 generating 7812 samples on host nid001480.
Rank 120 generating 7812 samples on host nid001480.
Rank 121 generating 7812 samples on host nid001480.
Rank 122 generating 7812 samples on host nid001480.
Rank 123 generating 7812 samples on host nid001480.
Rank 124 generating 7812 samples on host nid001480.
Rank 125 generating 7812 samples on host nid001480.
Rank 126 generating 7812 samples on host nid001480.
Rank 127 generating 7812 samples on host nid001480.
Generating 1000000 samples.
Rank 0 generating 7812 samples on host nid001480.
Numpy Pi:  3.141592653589793
My Estimate of Pi:  3.141888
128 core(s), 1000000 samples, 22.888184 MiB memory, 0.020588 seconds, -0.009401% error
Total run time=0.03505922299973463s
This script is runningRunning on: nid001480
python3 pi-mpi.py
This script finished.
